<?xml version="1.0" encoding="UTF-8"?>
<testng-results ignored="1" total="2" passed="1" failed="0" skipped="0">
  <reporter-output>
  </reporter-output>
  <suite started-at="2022-02-24T17:28:27 CST" name="Default suite" finished-at="2022-02-24T17:28:29 CST" duration-ms="2458">
    <groups>
    </groups>
    <test started-at="2022-02-24T17:28:27 CST" name="Default test" finished-at="2022-02-24T17:28:29 CST" duration-ms="2458">
      <class name="FunctionalTesting.GetRequestAutomation">
        <test-method signature="getRequestAutomation()[pri:0, instance:FunctionalTesting.GetRequestAutomation@57250572]" started-at="2022-02-24T17:28:27 CST" name="getRequestAutomation" finished-at="2022-02-24T17:28:29 CST" duration-ms="2412" status="PASS">
          <reporter-output>
          </reporter-output>
        </test-method> <!-- getRequestAutomation -->
      </class> <!-- FunctionalTesting.GetRequestAutomation -->
    </test> <!-- Default test -->
  </suite> <!-- Default suite -->
</testng-results>
