<?xml version="1.0" encoding="UTF-8"?>
<testng-results ignored="0" total="1" passed="1" failed="0" skipped="0">
  <reporter-output>
  </reporter-output>
  <suite started-at="2022-02-24T18:00:23 CST" name="Default suite" finished-at="2022-02-24T18:00:26 CST" duration-ms="2964">
    <groups>
    </groups>
    <test started-at="2022-02-24T18:00:23 CST" name="Default test" finished-at="2022-02-24T18:00:26 CST" duration-ms="2964">
      <class name="FunctionalTesting.PostRequestAutomation">
        <test-method signature="postRequestAutomation()[pri:0, instance:FunctionalTesting.PostRequestAutomation@6a03bcb1]" started-at="2022-02-24T18:00:23 CST" name="postRequestAutomation" finished-at="2022-02-24T18:00:26 CST" duration-ms="2931" status="PASS">
          <reporter-output>
          </reporter-output>
        </test-method> <!-- postRequestAutomation -->
      </class> <!-- FunctionalTesting.PostRequestAutomation -->
    </test> <!-- Default test -->
  </suite> <!-- Default suite -->
</testng-results>
