<?xml version="1.0" encoding="UTF-8"?>
<!-- Generated by org.testng.reporters.JUnitXMLReporter -->
<testsuite ignored="1" hostname="Vijays-MacBook-Pro.local" failures="0" tests="1" name="Default test" time="2.458" errors="0" timestamp="2022-02-24T17:28:30 CST">
  <testcase classname="FunctionalTesting.GetRequestAutomation" name="getRequestAutomation" time="2.412"/>
  <testcase classname="FunctionalTesting.GetRequestAutomation" name="getRequestAutomation_1" time="0.0">
    <ignored/>
  </testcase> <!-- getRequestAutomation_1 -->
</testsuite> <!-- Default test -->
